This is XeTeX, Version 3.1415926-2.3-0.9997.5 (Web2C 2011) (format=xelatex 2012.5.16)  25 FEB 2016 16:54
entering extended mode
 restricted \write18 enabled.
 %&-line parsing enabled.
**chap1a.tex
(./chap1a.tex
LaTeX2e <2011/06/27>
Babel <v3.8m> and hyphenation patterns for english, dumylang, nohyphenation, pi
nyin, loaded.

! LaTeX Error: Missing \begin{document}.

See the LaTeX manual or LaTeX Companion for explanation.
Type  H <return>  for immediate help.
 ...                                              
                                                  
l.1 ^^I此
          文被认为是拟阵理论的开创性文献。此后，G. Birkho...

? 
! Emergency stop.
 ...                                              
                                                  
l.1 ^^I此
          文被认为是拟阵理论的开创性文献。此后，G. Birkho...

You're in trouble here.  Try typing  <return>  to proceed.
If that doesn't work, type  X <return>  to quit.

 
Here is how much of TeX's memory you used:
 5 strings out of 495704
 171 string characters out of 3188629
 45159 words of memory out of 3000000
 3248 multiletter control sequences out of 15000+200000
 3640 words of font info for 14 fonts, out of 3000000 for 9000
 14 hyphenation exceptions out of 8191
 5i,0n,4p,397b,14s stack positions out of 5000i,500n,10000p,200000b,50000s
No pages of output.
